<?xml version="1.0" encoding="UTF-8"?>
<!-- Generated by org.testng.reporters.JUnitReportReporter -->
<testsuite skipped="0" hostname="E0366482" name="Pack.TCs" tests="2" failures="0" timestamp="26 May 2018 13:25:40 GMT" time="0.014" errors="0">
  <testcase name="tc_001" time="0.013" classname="Pack.TCs"/>
  <testcase name="tc_002" time="0.001" classname="Pack.TCs"/>
</testsuite> <!-- Pack.TCs -->
