<?xml version="1.0" encoding="UTF-8"?>
<!-- Generated by org.testng.reporters.JUnitReportReporter -->
<testsuite skipped="0" hostname="E0366482" name="Pack.TCs" tests="2" failures="0" timestamp="26 May 2018 13:21:41 GMT" time="0.024" errors="0">
  <testcase name="tc_001" time="0.022" classname="Pack.TCs"/>
  <testcase name="tc_002" time="0.002" classname="Pack.TCs"/>
</testsuite> <!-- Pack.TCs -->
